<?xml version="1.0" encoding="UTF-8"?>
<testng-results ignored="0" total="1" passed="1" failed="0" skipped="0">
  <reporter-output>
  </reporter-output>
  <suite started-at="2024-08-01T13:13:21 IST" name="Default suite" finished-at="2024-08-01T13:13:43 IST" duration-ms="21607">
    <groups>
    </groups>
    <test started-at="2024-08-01T13:13:21 IST" name="Default test" finished-at="2024-08-01T13:13:43 IST" duration-ms="21607">
      <class name="testpkg.PetstoreTest">
        <test-method is-config="true" signature="setUp()[pri:0, instance:testpkg.PetstoreTest@69e153c5]" started-at="2024-08-01T13:13:21 IST" name="setUp" finished-at="2024-08-01T13:13:26 IST" duration-ms="4816" status="PASS">
          <reporter-output>
          </reporter-output>
        </test-method> <!-- setUp -->
        <test-method is-config="true" signature="url()[pri:0, instance:testpkg.PetstoreTest@69e153c5]" started-at="2024-08-01T13:13:26 IST" name="url" finished-at="2024-08-01T13:13:27 IST" duration-ms="1341" status="PASS">
          <reporter-output>
          </reporter-output>
        </test-method> <!-- url -->
        <test-method signature="test()[pri:0, instance:testpkg.PetstoreTest@69e153c5]" started-at="2024-08-01T13:13:27 IST" name="test" finished-at="2024-08-01T13:13:43 IST" duration-ms="15284" status="PASS">
          <reporter-output>
          </reporter-output>
        </test-method> <!-- test -->
      </class> <!-- testpkg.PetstoreTest -->
    </test> <!-- Default test -->
  </suite> <!-- Default suite -->
</testng-results>
